[2023-12-15 14:02:52 +0100] [81714] [INFO] Starting gunicorn 21.2.0
[2023-12-15 14:02:52 +0100] [81714] [INFO] Listening at: http://0.0.0.0:5000 (81714)
[2023-12-15 14:02:52 +0100] [81714] [INFO] Using worker: sync
[2023-12-15 14:02:52 +0100] [81715] [INFO] Booting worker with pid: 81715
[2023-12-15 14:02:52 +0100] [81716] [INFO] Booting worker with pid: 81716
[2023-12-15 14:02:52 +0100] [81717] [INFO] Booting worker with pid: 81717
[2023-12-15 14:02:52 +0100] [81719] [INFO] Booting worker with pid: 81719
[2023-12-15 14:05:39 +0100] [81714] [INFO] Handling signal: int
[2023-12-15 14:05:39 +0100] [81717] [INFO] Worker exiting (pid: 81717)
[2023-12-15 14:05:39 +0100] [81715] [INFO] Worker exiting (pid: 81715)
[2023-12-15 14:05:39 +0100] [81716] [INFO] Worker exiting (pid: 81716)
[2023-12-15 14:05:39 +0100] [81719] [INFO] Worker exiting (pid: 81719)
[2023-12-15 14:05:40 +0100] [81714] [INFO] Shutting down: Master
[2023-12-15 14:05:40 +0100] [82536] [INFO] Starting gunicorn 21.2.0
[2023-12-15 14:05:40 +0100] [82536] [INFO] Listening at: http://0.0.0.0:5000 (82536)
[2023-12-15 14:05:40 +0100] [82536] [INFO] Using worker: sync
[2023-12-15 14:05:40 +0100] [82538] [INFO] Booting worker with pid: 82538
[2023-12-15 14:05:40 +0100] [82539] [INFO] Booting worker with pid: 82539
[2023-12-15 14:05:40 +0100] [82540] [INFO] Booting worker with pid: 82540
[2023-12-15 14:05:40 +0100] [82541] [INFO] Booting worker with pid: 82541
[2023-12-15 14:06:23 +0100] [82536] [CRITICAL] WORKER TIMEOUT (pid:82539)
[2023-12-15 14:06:23 +0100] [82539] [INFO] Worker exiting (pid: 82539)
[2023-12-15 14:06:23 +0100] [82536] [ERROR] Worker (pid:82539) exited with code 1
[2023-12-15 14:06:23 +0100] [82536] [ERROR] Worker (pid:82539) exited with code 1.
[2023-12-15 14:06:23 +0100] [82863] [INFO] Booting worker with pid: 82863
[2023-12-15 14:16:08 +0100] [82536] [INFO] Handling signal: int
[2023-12-15 14:16:09 +0100] [82540] [INFO] Worker exiting (pid: 82540)
[2023-12-15 14:16:09 +0100] [82541] [INFO] Worker exiting (pid: 82541)
[2023-12-15 14:16:09 +0100] [82538] [INFO] Worker exiting (pid: 82538)
[2023-12-15 14:16:09 +0100] [82863] [INFO] Worker exiting (pid: 82863)
[2023-12-15 14:16:09 +0100] [82536] [INFO] Shutting down: Master
[2023-12-15 14:16:09 +0100] [84450] [INFO] Starting gunicorn 21.2.0
[2023-12-15 14:16:09 +0100] [84450] [INFO] Listening at: http://0.0.0.0:5000 (84450)
[2023-12-15 14:16:09 +0100] [84450] [INFO] Using worker: sync
[2023-12-15 14:16:09 +0100] [84451] [INFO] Booting worker with pid: 84451
[2023-12-15 14:16:09 +0100] [84452] [INFO] Booting worker with pid: 84452
[2023-12-15 14:16:09 +0100] [84453] [INFO] Booting worker with pid: 84453
[2023-12-15 14:16:09 +0100] [84454] [INFO] Booting worker with pid: 84454
[2023-12-15 14:17:06 +0100] [84450] [CRITICAL] WORKER TIMEOUT (pid:84452)
[2023-12-15 14:17:06 +0100] [84452] [INFO] Worker exiting (pid: 84452)
[2023-12-15 14:17:06 +0100] [84450] [ERROR] Worker (pid:84452) exited with code 1
[2023-12-15 14:17:06 +0100] [84450] [ERROR] Worker (pid:84452) exited with code 1.
[2023-12-15 14:17:06 +0100] [84647] [INFO] Booting worker with pid: 84647
[2023-12-15 14:18:09 +0100] [84450] [INFO] Handling signal: int
[2023-12-15 14:18:09 +0100] [84451] [INFO] Worker exiting (pid: 84451)
[2023-12-15 14:18:09 +0100] [84647] [INFO] Worker exiting (pid: 84647)
[2023-12-15 14:18:09 +0100] [84454] [INFO] Worker exiting (pid: 84454)
[2023-12-15 14:18:09 +0100] [84453] [INFO] Worker exiting (pid: 84453)
[2023-12-15 14:18:10 +0100] [84450] [INFO] Shutting down: Master
[2023-12-15 14:18:11 +0100] [84856] [INFO] Starting gunicorn 21.2.0
[2023-12-15 14:18:11 +0100] [84856] [INFO] Listening at: http://0.0.0.0:5000 (84856)
[2023-12-15 14:18:11 +0100] [84856] [INFO] Using worker: sync
[2023-12-15 14:18:11 +0100] [84860] [INFO] Booting worker with pid: 84860
[2023-12-15 14:18:11 +0100] [84862] [INFO] Booting worker with pid: 84862
[2023-12-15 14:18:11 +0100] [84863] [INFO] Booting worker with pid: 84863
[2023-12-15 14:18:11 +0100] [84864] [INFO] Booting worker with pid: 84864
[2023-12-15 14:21:48 +0100] [84856] [INFO] Handling signal: int
[2023-12-15 14:21:48 +0100] [84860] [INFO] Worker exiting (pid: 84860)
[2023-12-15 14:21:48 +0100] [84864] [INFO] Worker exiting (pid: 84864)
[2023-12-15 14:21:48 +0100] [84862] [INFO] Worker exiting (pid: 84862)
[2023-12-15 14:21:48 +0100] [84863] [INFO] Worker exiting (pid: 84863)
[2023-12-15 14:21:49 +0100] [84856] [INFO] Shutting down: Master
[2023-12-15 14:21:50 +0100] [85359] [INFO] Starting gunicorn 21.2.0
[2023-12-15 14:21:50 +0100] [85359] [INFO] Listening at: http://0.0.0.0:5000 (85359)
[2023-12-15 14:21:50 +0100] [85359] [INFO] Using worker: sync
[2023-12-15 14:21:50 +0100] [85360] [INFO] Booting worker with pid: 85360
[2023-12-15 14:21:50 +0100] [85361] [INFO] Booting worker with pid: 85361
[2023-12-15 14:21:50 +0100] [85362] [INFO] Booting worker with pid: 85362
[2023-12-15 14:21:50 +0100] [85364] [INFO] Booting worker with pid: 85364
[2023-12-15 14:23:22 +0100] [85359] [INFO] Handling signal: int
[2023-12-15 14:23:22 +0100] [85364] [INFO] Worker exiting (pid: 85364)
[2023-12-15 14:23:22 +0100] [85362] [INFO] Worker exiting (pid: 85362)
[2023-12-15 14:23:22 +0100] [85360] [INFO] Worker exiting (pid: 85360)
[2023-12-15 14:23:22 +0100] [85361] [INFO] Worker exiting (pid: 85361)
[2023-12-15 14:23:23 +0100] [85359] [INFO] Shutting down: Master
[2023-12-15 14:23:30 +0100] [85779] [INFO] Starting gunicorn 21.2.0
[2023-12-15 14:23:30 +0100] [85779] [INFO] Listening at: http://0.0.0.0:5000 (85779)
[2023-12-15 14:23:30 +0100] [85779] [INFO] Using worker: sync
[2023-12-15 14:23:30 +0100] [85780] [INFO] Booting worker with pid: 85780
[2023-12-15 14:23:30 +0100] [85782] [INFO] Booting worker with pid: 85782
[2023-12-15 14:23:30 +0100] [85783] [INFO] Booting worker with pid: 85783
[2023-12-15 14:23:30 +0100] [85784] [INFO] Booting worker with pid: 85784
[2023-12-15 14:25:00 +0100] [85779] [INFO] Handling signal: int
[2023-12-15 14:25:00 +0100] [85784] [INFO] Worker exiting (pid: 85784)
[2023-12-15 14:25:00 +0100] [85782] [INFO] Worker exiting (pid: 85782)
[2023-12-15 14:25:00 +0100] [85783] [INFO] Worker exiting (pid: 85783)
[2023-12-15 14:25:00 +0100] [85780] [INFO] Worker exiting (pid: 85780)
[2023-12-15 14:25:00 +0100] [85779] [INFO] Shutting down: Master
[2023-12-15 14:25:01 +0100] [86076] [INFO] Starting gunicorn 21.2.0
[2023-12-15 14:25:01 +0100] [86076] [INFO] Listening at: http://0.0.0.0:5000 (86076)
[2023-12-15 14:25:01 +0100] [86076] [INFO] Using worker: sync
[2023-12-15 14:25:01 +0100] [86077] [INFO] Booting worker with pid: 86077
[2023-12-15 14:25:01 +0100] [86078] [INFO] Booting worker with pid: 86078
[2023-12-15 14:25:01 +0100] [86079] [INFO] Booting worker with pid: 86079
[2023-12-15 14:25:01 +0100] [86080] [INFO] Booting worker with pid: 86080
[2023-12-15 14:25:44 +0100] [86076] [INFO] Handling signal: int
[2023-12-15 14:25:44 +0100] [86077] [INFO] Worker exiting (pid: 86077)
[2023-12-15 14:25:44 +0100] [86080] [INFO] Worker exiting (pid: 86080)
[2023-12-15 14:25:44 +0100] [86078] [INFO] Worker exiting (pid: 86078)
[2023-12-15 14:25:44 +0100] [86079] [INFO] Worker exiting (pid: 86079)
[2023-12-15 14:25:45 +0100] [86076] [INFO] Shutting down: Master
[2023-12-15 14:25:46 +0100] [86301] [INFO] Starting gunicorn 21.2.0
[2023-12-15 14:25:46 +0100] [86301] [INFO] Listening at: http://0.0.0.0:5000 (86301)
[2023-12-15 14:25:46 +0100] [86301] [INFO] Using worker: sync
[2023-12-15 14:25:46 +0100] [86302] [INFO] Booting worker with pid: 86302
[2023-12-15 14:25:46 +0100] [86304] [INFO] Booting worker with pid: 86304
[2023-12-15 14:25:46 +0100] [86305] [INFO] Booting worker with pid: 86305
[2023-12-15 14:25:46 +0100] [86306] [INFO] Booting worker with pid: 86306
[2023-12-15 14:26:20 +0100] [86301] [INFO] Handling signal: int
[2023-12-15 14:26:21 +0100] [86302] [INFO] Worker exiting (pid: 86302)
[2023-12-15 14:26:21 +0100] [86304] [INFO] Worker exiting (pid: 86304)
[2023-12-15 14:26:21 +0100] [86305] [INFO] Worker exiting (pid: 86305)
[2023-12-15 14:26:21 +0100] [86306] [INFO] Worker exiting (pid: 86306)
[2023-12-15 14:26:21 +0100] [86301] [INFO] Shutting down: Master
[2023-12-15 14:26:22 +0100] [86497] [INFO] Starting gunicorn 21.2.0
[2023-12-15 14:26:22 +0100] [86497] [INFO] Listening at: http://0.0.0.0:5000 (86497)
[2023-12-15 14:26:22 +0100] [86497] [INFO] Using worker: sync
[2023-12-15 14:26:22 +0100] [86498] [INFO] Booting worker with pid: 86498
[2023-12-15 14:26:22 +0100] [86499] [INFO] Booting worker with pid: 86499
[2023-12-15 14:26:22 +0100] [86500] [INFO] Booting worker with pid: 86500
[2023-12-15 14:26:22 +0100] [86501] [INFO] Booting worker with pid: 86501
[2023-12-15 14:27:19 +0100] [86497] [INFO] Handling signal: winch
[2023-12-15 14:27:25 +0100] [86497] [INFO] Handling signal: winch
[2023-12-15 14:30:00 +0100] [86497] [INFO] Handling signal: int
[2023-12-15 14:30:00 +0100] [86498] [INFO] Worker exiting (pid: 86498)
[2023-12-15 14:30:00 +0100] [86499] [INFO] Worker exiting (pid: 86499)
[2023-12-15 14:30:00 +0100] [86501] [INFO] Worker exiting (pid: 86501)
[2023-12-15 14:30:00 +0100] [86500] [INFO] Worker exiting (pid: 86500)
[2023-12-15 14:30:01 +0100] [86497] [INFO] Shutting down: Master
[2023-12-15 14:30:02 +0100] [87186] [INFO] Starting gunicorn 21.2.0
[2023-12-15 14:30:02 +0100] [87186] [INFO] Listening at: http://0.0.0.0:5000 (87186)
[2023-12-15 14:30:02 +0100] [87186] [INFO] Using worker: sync
[2023-12-15 14:30:02 +0100] [87189] [INFO] Booting worker with pid: 87189
[2023-12-15 14:30:02 +0100] [87192] [INFO] Booting worker with pid: 87192
[2023-12-15 14:30:02 +0100] [87194] [INFO] Booting worker with pid: 87194
[2023-12-15 14:30:02 +0100] [87195] [INFO] Booting worker with pid: 87195
[2023-12-15 14:31:11 +0100] [87186] [INFO] Handling signal: winch
[2023-12-15 14:31:17 +0100] [87186] [INFO] Handling signal: winch
[2023-12-15 14:31:28 +0100] [87186] [INFO] Handling signal: winch
[2023-12-15 14:31:35 +0100] [87186] [INFO] Handling signal: winch
[2023-12-15 14:34:12 +0100] [87186] [INFO] Handling signal: int
[2023-12-15 14:34:12 +0100] [87194] [INFO] Worker exiting (pid: 87194)
[2023-12-15 14:34:12 +0100] [87189] [INFO] Worker exiting (pid: 87189)
[2023-12-15 14:34:12 +0100] [87192] [INFO] Worker exiting (pid: 87192)
[2023-12-15 14:34:12 +0100] [87195] [INFO] Worker exiting (pid: 87195)
[2023-12-15 14:34:12 +0100] [87186] [INFO] Shutting down: Master
[2023-12-15 14:34:13 +0100] [87985] [INFO] Starting gunicorn 21.2.0
[2023-12-15 14:34:13 +0100] [87985] [INFO] Listening at: http://0.0.0.0:5000 (87985)
[2023-12-15 14:34:13 +0100] [87985] [INFO] Using worker: sync
[2023-12-15 14:34:13 +0100] [87986] [INFO] Booting worker with pid: 87986
[2023-12-15 14:34:13 +0100] [87987] [INFO] Booting worker with pid: 87987
[2023-12-15 14:34:13 +0100] [87988] [INFO] Booting worker with pid: 87988
[2023-12-15 14:34:13 +0100] [87989] [INFO] Booting worker with pid: 87989
[2023-12-15 14:35:17 +0100] [87985] [INFO] Handling signal: int
[2023-12-15 14:35:17 +0100] [87987] [INFO] Worker exiting (pid: 87987)
[2023-12-15 14:35:17 +0100] [87988] [INFO] Worker exiting (pid: 87988)
[2023-12-15 14:35:17 +0100] [87989] [INFO] Worker exiting (pid: 87989)
[2023-12-15 14:35:17 +0100] [87986] [INFO] Worker exiting (pid: 87986)
[2023-12-15 14:35:17 +0100] [87985] [INFO] Shutting down: Master
[2023-12-15 14:35:18 +0100] [88187] [INFO] Starting gunicorn 21.2.0
[2023-12-15 14:35:18 +0100] [88187] [INFO] Listening at: http://0.0.0.0:5000 (88187)
[2023-12-15 14:35:18 +0100] [88187] [INFO] Using worker: sync
[2023-12-15 14:35:18 +0100] [88188] [INFO] Booting worker with pid: 88188
[2023-12-15 14:35:18 +0100] [88189] [INFO] Booting worker with pid: 88189
[2023-12-15 14:35:18 +0100] [88191] [INFO] Booting worker with pid: 88191
[2023-12-15 14:35:18 +0100] [88192] [INFO] Booting worker with pid: 88192
[2023-12-15 14:41:13 +0100] [88187] [INFO] Handling signal: winch
[2023-12-15 15:07:41 +0100] [88187] [INFO] Handling signal: winch
[2023-12-15 15:33:47 +0100] [88187] [INFO] Handling signal: winch
[2023-12-15 15:33:47 +0100] [88187] [INFO] Handling signal: winch
[2023-12-15 15:33:48 +0100] [88187] [INFO] Handling signal: winch
[2023-12-15 15:34:08 +0100] [88187] [INFO] Handling signal: winch
[2023-12-15 15:34:22 +0100] [88187] [INFO] Handling signal: int
[2023-12-15 15:34:22 +0100] [88188] [INFO] Worker exiting (pid: 88188)
[2023-12-15 15:34:22 +0100] [88191] [INFO] Worker exiting (pid: 88191)
[2023-12-15 15:34:22 +0100] [88189] [INFO] Worker exiting (pid: 88189)
[2023-12-15 15:34:22 +0100] [88192] [INFO] Worker exiting (pid: 88192)
[2023-12-15 15:34:23 +0100] [88187] [INFO] Shutting down: Master
